This is LuaTeX, Version beta-0.79.1 (TeX Live 2014) (rev 4971)  (format=lualatex 2016.11.30)  6 DEC 2016 01:20
 restricted \write18 enabled.
 file:line:error style messages enabled.
**cv.tex
(./cv.tex
LaTeX2e <2011/06/27>
Babel <3.9k> and hyphenation patterns for 78 languages loaded.
(/usr/share/texlive/texmf-dist/tex/latex/base/article.cls
Document Class: article 2007/10/19 v1.4h Standard LaTeX document class
(/usr/share/texlive/texmf-dist/tex/latex/base/size11.clo
File: size11.clo 2007/10/19 v1.4h Standard LaTeX file (size option)
)
\c@part=\count79
\c@section=\count80
\c@subsection=\count81
\c@subsubsection=\count82
\c@paragraph=\count83
\c@subparagraph=\count84
\c@figure=\count85
\c@table=\count86
\abovecaptionskip=\skip41
\belowcaptionskip=\skip42
\bibindent=\dimen102
) (/usr/share/texlive/texmf-dist/tex/latex/geometry/geometry.sty
Package: geometry 2010/09/12 v5.6 Page Geometry
 (/usr/share/texlive/texmf-dist/tex/latex/graphics/keyval.sty
Package: keyval 1999/03/16 v1.13 key=value parser (DPC)
\KV@toks@=\toks14
) (/usr/share/texlive/texmf-dist/tex/generic/oberdiek/ifpdf.sty
Package: ifpdf 2011/01/30 v2.3 Provides the ifpdf switch (HO)
Package ifpdf Info: pdfTeX in PDF mode is detected.
) (/usr/share/texlive/texmf-dist/tex/generic/oberdiek/ifvtex.sty
Package: ifvtex 2010/03/01 v1.5 Detect VTeX and its facilities (HO)
Package ifvtex Info: VTeX not detected.
) (/usr/share/texlive/texmf-dist/tex/generic/ifxetex/ifxetex.sty
Package: ifxetex 2010/09/12 v0.6 Provides ifxetex conditional
)
\Gm@cnth=\count87
\Gm@cntv=\count88
\c@Gm@tempcnt=\count89
\Gm@bindingoffset=\dimen103
\Gm@wd@mp=\dimen104
\Gm@odd@mp=\dimen105
\Gm@even@mp=\dimen106
\Gm@layoutwidth=\dimen107
\Gm@layoutheight=\dimen108
\Gm@layouthoffset=\dimen109
\Gm@layoutvoffset=\dimen110
\Gm@dimlist=\toks15
) (/usr/share/texlive/texmf-dist/tex/latex/marvosym/marvosym.sty
Package: marvosym 2011/07/20 v2.2 Martin Vogel's Symbols font definitions
) (/usr/share/texlive/texmf-dist/tex/latex/ifsym/ifsym.sty
Package: ifsym 2000/04/18 I.Kloeckl
 (/usr/share/texlive/texmf-dist/tex/latex/tools/calc.sty
Package: calc 2007/08/22 v4.3 Infix arithmetic (KKT,FJ)
\calc@Acount=\count90
\calc@Bcount=\count91
\calc@Adimen=\dimen111
\calc@Bdimen=\dimen112
\calc@Askip=\skip43
\calc@Bskip=\skip44
LaTeX Info: Redefining \setlength on input line 76.
LaTeX Info: Redefining \addtolength on input line 77.
\calc@Ccount=\count92
\calc@Cskip=\skip45
)
\c@ifsymcnt=\count93
) (/usr/share/texlive/texmf-dist/tex/latex/enumitem/enumitem.sty
Package: enumitem 2011/09/28 v3.5.2 Customized lists
\labelindent=\skip46
\enit@outerparindent=\dimen113
\enit@toks=\toks16
\enit@inbox=\box26
\enitdp@description=\count94
) (/usr/share/texlive/texmf-dist/tex/latex/xpatch/xpatch.sty (/usr/share/texlive/texmf-dist/tex/latex/l3kernel/expl3.sty (/usr/share/texlive/texmf-dist/tex/latex/l3kernel/l3names.sty (/usr/share/texlive/texmf-dist/tex/latex/l3kernel/l3bootstrap.sty
Package: l3bootstrap 2014/01/04 v4640 L3 Experimental bootstrap code
 (/usr/share/texlive/texmf-dist/tex/generic/oberdiek/luatex.sty
Package: luatex 2010/03/09 v0.4 LuaTeX basic definition package (HO)
 (/usr/share/texlive/texmf-dist/tex/generic/oberdiek/infwarerr.sty
Package: infwarerr 2010/04/08 v1.3 Providing info/warning/error messages (HO)
)
(/usr/share/texlive/texmf-dist/tex/generic/oberdiek/ifluatex.sty
Package: ifluatex 2010/03/01 v1.3 Provides the ifluatex switch (HO)
Package ifluatex Info: LuaTeX detected.
) (/usr/share/texlive/texmf-dist/tex/latex/etex-pkg/etex.sty
Package: etex 1998/03/26 v2.0 eTeX basic definition package (PEB)
\et@xins=\count95
)
\LuT@AllocAttribute=\count277
\LuT@AllocCatcodeTable=\count278
\CatcodeTableStack=\count279
\CatcodeTableIniTeX=\catcodetable1
\CatcodeTableString=\catcodetable3
\CatcodeTableOther=\catcodetable5
\CatcodeTableLaTeX=\catcodetable7
 (/usr/share/texlive/texmf-dist/tex/generic/oberdiek/luatex-loader.sty
Package: luatex-loader 2010/03/09 v0.4 Lua module loader (HO)

(/usr/share/texlive/texmf-dist/scripts/oberdiek/oberdiek.luatex.lua))) (/usr/share/texlive/texmf-dist/tex/generic/oberdiek/pdftexcmds.sty
Package: pdftexcmds 2011/11/29 v0.20 Utility functions of pdfTeX for LuaTeX (HO)
 (/usr/share/texlive/texmf-dist/tex/generic/oberdiek/ltxcmds.sty
Package: ltxcmds 2011/11/09 v1.22 LaTeX kernel commands for general use (HO)
)
Package pdftexcmds Info: \pdf@primitive is available.
Package pdftexcmds Info: \pdf@ifprimitive is available.
Package pdftexcmds Info: \pdfdraftmode found.
\pdftexcmds@toks=\toks17
))
Package: l3names 2014/01/04 v4640 L3 Namespace for primitives
)
Package: expl3 2014/01/07 v4646 L3 Experimental code bundle wrapper
 (/usr/share/texlive/texmf-dist/tex/latex/l3kernel/l3basics.sty
Package: l3basics 2014/01/04 v4642 L3 Basic definitions
) (/usr/share/texlive/texmf-dist/tex/latex/l3kernel/l3expan.sty
Package: l3expan 2014/01/04 v4642 L3 Argument expansion
) (/usr/share/texlive/texmf-dist/tex/latex/l3kernel/l3tl.sty
Package: l3tl 2013/12/27 v4625 L3 Token lists
) (/usr/share/texlive/texmf-dist/tex/latex/l3kernel/l3seq.sty
Package: l3seq 2013/12/14 v4623 L3 Sequences and stacks
) (/usr/share/texlive/texmf-dist/tex/latex/l3kernel/l3int.sty
Package: l3int 2013/08/02 v4583 L3 Integers
\c_max_int=\count280
\l_tmpa_int=\count281
\l_tmpb_int=\count282
\g_tmpa_int=\count283
\g_tmpb_int=\count284
) (/usr/share/texlive/texmf-dist/tex/latex/l3kernel/l3quark.sty
Package: l3quark 2013/12/14 v4623 L3 Quarks
) (/usr/share/texlive/texmf-dist/tex/latex/l3kernel/l3prg.sty
Package: l3prg 2014/01/04 v4642 L3 Control structures
\g__prg_map_int=\count285
) (/usr/share/texlive/texmf-dist/tex/latex/l3kernel/l3clist.sty
Package: l3clist 2013/07/28 v4581 L3 Comma separated lists
) (/usr/share/texlive/texmf-dist/tex/latex/l3kernel/l3token.sty
Package: l3token 2013/08/25 v4587 L3 Experimental token manipulation
) (/usr/share/texlive/texmf-dist/tex/latex/l3kernel/l3prop.sty
Package: l3prop 2013/12/14 v4623 L3 Property lists
) (/usr/share/texlive/texmf-dist/tex/latex/l3kernel/l3msg.sty
Package: l3msg 2013/07/28 v4581 L3 Messages
) (/usr/share/texlive/texmf-dist/tex/latex/l3kernel/l3file.sty
Package: l3file 2013/10/13 v4596 L3 File and I/O operations
\l_iow_line_count_int=\count286
\l__iow_target_count_int=\count287
\l__iow_current_line_int=\count288
\l__iow_current_word_int=\count289
\l__iow_current_indentation_int=\count290
)
(/usr/share/texlive/texmf-dist/tex/latex/l3kernel/l3skip.sty
Package: l3skip 2013/07/28 v4581 L3 Dimensions and skips
\c_zero_dim=\dimen256
\c_max_dim=\dimen257
\l_tmpa_dim=\dimen258
\l_tmpb_dim=\dimen259
\g_tmpa_dim=\dimen260
\g_tmpb_dim=\dimen261
\c_zero_skip=\skip256
\c_max_skip=\skip257
\l_tmpa_skip=\skip258
\l_tmpb_skip=\skip259
\g_tmpa_skip=\skip260
\g_tmpb_skip=\skip261
\c_zero_muskip=\muskip10
\c_max_muskip=\muskip11
\l_tmpa_muskip=\muskip12
\l_tmpb_muskip=\muskip13
\g_tmpa_muskip=\muskip14
\g_tmpb_muskip=\muskip15
) (/usr/share/texlive/texmf-dist/tex/latex/l3kernel/l3keys.sty
Package: l3keys 2013/12/08 v4614 L3 Experimental key-value interfaces
\g__keyval_level_int=\count291
\l_keys_choice_int=\count292
) (/usr/share/texlive/texmf-dist/tex/latex/l3kernel/l3fp.sty
Package: l3fp 2014/01/04 v4642 L3 Floating points
\c__fp_leading_shift_int=\count293
\c__fp_middle_shift_int=\count294
\c__fp_trailing_shift_int=\count295
\c__fp_big_leading_shift_int=\count296
\c__fp_big_middle_shift_int=\count297
\c__fp_big_trailing_shift_int=\count298
\c__fp_Bigg_leading_shift_int=\count299
\c__fp_Bigg_middle_shift_int=\count300
\c__fp_Bigg_trailing_shift_int=\count301
) (/usr/share/texlive/texmf-dist/tex/latex/l3kernel/l3box.sty
Package: l3box 2013/07/28 v4581 L3 Experimental boxes
\c_empty_box=\box256
\l_tmpa_box=\box257
\l_tmpb_box=\box258
\g_tmpa_box=\box259
\g_tmpb_box=\box260
) (/usr/share/texlive/texmf-dist/tex/latex/l3kernel/l3coffins.sty
Package: l3coffins 2013/12/14 v4624 L3 Coffin code layer
\l__coffin_internal_box=\box261
\l__coffin_internal_dim=\dimen262
\l__coffin_offset_x_dim=\dimen263
\l__coffin_offset_y_dim=\dimen264
\l__coffin_x_dim=\dimen265
\l__coffin_y_dim=\dimen266
\l__coffin_x_prime_dim=\dimen267
\l__coffin_y_prime_dim=\dimen268
\c_empty_coffin=\box262
\l__coffin_aligned_coffin=\box263
\l__coffin_aligned_internal_coffin=\box264
\l_tmpa_coffin=\box265
\l_tmpb_coffin=\box266
\l__coffin_display_coffin=\box267
\l__coffin_display_coord_coffin=\box268
\l__coffin_display_pole_coffin=\box269
\l__coffin_display_offset_dim=\dimen269
\l__coffin_display_x_dim=\dimen270
\l__coffin_display_y_dim=\dimen271
) (/usr/share/texlive/texmf-dist/tex/latex/l3kernel/l3color.sty
Package: l3color 2012/08/29 v4156 L3 Experimental color support
) (/usr/share/texlive/texmf-dist/tex/latex/l3kernel/l3luatex.sty
Package: l3luatex 2013/07/28 v4581 L3 Experimental LuaTeX-specific functions
\g__cctab_allocate_int=\count302
\g__cctab_stack_int=\count303
\c_code_cctab=\catcodetable9
) (/usr/share/texlive/texmf-dist/tex/latex/l3kernel/l3candidates.sty
Package: l3candidates 2014/01/06 v4643 L3 Experimental additions to l3kernel
\l__box_top_dim=\dimen272
\l__box_bottom_dim=\dimen273
\l__box_left_dim=\dimen274
\l__box_right_dim=\dimen275
\l__box_top_new_dim=\dimen276
\l__box_bottom_new_dim=\dimen277
\l__box_left_new_dim=\dimen278
\l__box_right_new_dim=\dimen279
\l__box_internal_box=\box270
\l__coffin_bounding_shift_dim=\dimen280
\l__coffin_left_corner_dim=\dimen281
\l__coffin_right_corner_dim=\dimen282
\l__coffin_bottom_corner_dim=\dimen283
\l__coffin_top_corner_dim=\dimen284
\l__coffin_scaled_total_height_dim=\dimen285
\l__coffin_scaled_width_dim=\dimen286
))
Package: xpatch 2012/10/02 v0.3 Extending etoolbox patching commands
 (/usr/share/texlive/texmf-dist/tex/latex/l3packages/xparse/xparse.sty
Package: xparse 2013/12/31 v4634 L3 Experimental document command parser
\l__xparse_current_arg_int=\count304
\l__xparse_m_args_int=\count305
\l__xparse_mandatory_args_int=\count306
\l__xparse_processor_int=\count307
\l__xparse_v_nesting_int=\count308
) (/usr/share/texlive/texmf-dist/tex/latex/etoolbox/etoolbox.sty
Package: etoolbox 2011/01/03 v2.1 e-TeX tools for LaTeX
\etb@tempcnta=\count309
)
.................................................
. LaTeX info: "xparse/define-command"
. 
. Defining document command \xpatchcmd with arg. spec. '' on line 125.
.................................................
.................................................
. LaTeX info: "xparse/define-command"
. 
. Defining document command \xpretocmd with arg. spec. '' on line 126.
.................................................
.................................................
. LaTeX info: "xparse/define-command"
. 
. Defining document command \xapptocmd with arg. spec. '' on line 127.
.................................................
.................................................
. LaTeX info: "xparse/define-command"
. 
. Defining document command \xshowcmd with arg. spec. '' on line 128.
.................................................
.................................................
. LaTeX info: "xparse/define-command"
. 
. Defining document command \xpatchbibmacro with arg. spec. 'm' on line 131.
.................................................
.................................................
. LaTeX info: "xparse/define-command"
. 
. Defining document command \xpretobibmacro with arg. spec. 'm' on line 133.
.................................................
.................................................
. LaTeX info: "xparse/define-command"
. 
. Defining document command \xapptobibmacro with arg. spec. 'm' on line 135.
.................................................
.................................................
. LaTeX info: "xparse/define-command"
. 
. Defining document command \xshowbibmacro with arg. spec. 'm' on line 137.
.................................................
.................................................
. LaTeX info: "xparse/define-command"
. 
. Defining document command \xpatchfieldformat with arg. spec. 'O{*}m' on line
. 139.
.................................................
.................................................
. LaTeX info: "xparse/define-command"
. 
. Defining document command \xpretofieldformat with arg. spec. 'O{*}m' on line
. 141.
.................................................
.................................................
. LaTeX info: "xparse/define-command"
. 
. Defining document command \xapptofieldformat with arg. spec. 'O{*}m' on line
. 143.
.................................................
.................................................
. LaTeX info: "xparse/define-command"
. 
. Defining document command \xshowfieldformat with arg. spec. 'O{*}m' on line
. 145.
.................................................
.................................................
. LaTeX info: "xparse/define-command"
. 
. Defining document command \xpatchnameformat with arg. spec. 'O{*}m' on line
. 147.
.................................................
.................................................
. LaTeX info: "xparse/define-command"
. 
. Defining document command \xpretonameformat with arg. spec. 'O{*}m' on line
. 149.
.................................................
.................................................
. LaTeX info: "xparse/define-command"
. 
. Defining document command \xapptonameformat with arg. spec. 'O{*}m' on line
. 151.
.................................................
.................................................
. LaTeX info: "xparse/define-command"
. 
. Defining document command \xshownameformat with arg. spec. 'O{*}m' on line
. 153.
.................................................
.................................................
. LaTeX info: "xparse/define-command"
. 
. Defining document command \xpatchlistformat with arg. spec. 'O{*}m' on line
. 155.
.................................................
.................................................
. LaTeX info: "xparse/define-command"
. 
. Defining document command \xpretolistformat with arg. spec. 'O{*}m' on line
. 157.
.................................................
.................................................
. LaTeX info: "xparse/define-command"
. 
. Defining document command \xapptolistformat with arg. spec. 'O{*}m' on line
. 159.
.................................................
.................................................
. LaTeX info: "xparse/define-command"
. 
. Defining document command \xshowlistformat with arg. spec. 'O{*}m' on line
. 161.
.................................................
.................................................
. LaTeX info: "xparse/define-command"
. 
. Defining document command \xpatchindexfieldformat with arg. spec. 'O{*}m' on
. line 163.
.................................................
.................................................
. LaTeX info: "xparse/define-command"
. 
. Defining document command \xpretoindexfieldformat with arg. spec. 'O{*}m' on
. line 165.
.................................................
.................................................
. LaTeX info: "xparse/define-command"
. 
. Defining document command \xapptoindexfieldformat with arg. spec. 'O{*}m' on
. line 167.
.................................................
.................................................
. LaTeX info: "xparse/define-command"
. 
. Defining document command \xshowindexfieldformat with arg. spec. 'O{*}m' on
. line 169.
.................................................
.................................................
. LaTeX info: "xparse/define-command"
. 
. Defining document command \xpatchindexnameformat with arg. spec. 'O{*}m' on
. line 171.
.................................................
.................................................
. LaTeX info: "xparse/define-command"
. 
. Defining document command \xpretoindexnameformat with arg. spec. 'O{*}m' on
. line 173.
.................................................
.................................................
. LaTeX info: "xparse/define-command"
. 
. Defining document command \xapptoindexnameformat with arg. spec. 'O{*}m' on
. line 175.
.................................................
.................................................
. LaTeX info: "xparse/define-command"
. 
. Defining document command \xshowindexnameformat with arg. spec. 'O{*}m' on
. line 177.
.................................................
.................................................
. LaTeX info: "xparse/define-command"
. 
. Defining document command \xpatchindexlistformat with arg. spec. 'O{*}m' on
. line 179.
.................................................
.................................................
. LaTeX info: "xparse/define-command"
. 
. Defining document command \xpretoindexlistformat with arg. spec. 'O{*}m' on
. line 181.
.................................................
.................................................
. LaTeX info: "xparse/define-command"
. 
. Defining document command \xappindextolistformat with arg. spec. 'O{*}m' on
. line 183.
.................................................
.................................................
. LaTeX info: "xparse/define-command"
. 
. Defining document command \xshowindexlistformat with arg. spec. 'O{*}m' on
. line 185.
.................................................
.................................................
. LaTeX info: "xparse/define-command"
. 
. Defining document command \xpatchbibdriver with arg. spec. 'm' on line 187.
.................................................
.................................................
. LaTeX info: "xparse/define-command"
. 
. Defining document command \xpretobibdriver with arg. spec. 'm' on line 189.
.................................................
.................................................
. LaTeX info: "xparse/define-command"
. 
. Defining document command \xapptobibdriver with arg. spec. 'm' on line 191.
.................................................
.................................................
. LaTeX info: "xparse/define-command"
. 
. Defining document command \xshowbibdriver with arg. spec. 'm' on line 193.
.................................................
) (/usr/share/texlive/texmf-dist/tex/latex/xcolor/xcolor.sty
Package: xcolor 2007/01/21 v2.11 LaTeX color extensions (UK)
 (/usr/share/texlive/texmf-dist/tex/latex/latexconfig/color.cfg
File: color.cfg 2007/01/18 v1.5 color configuration of teTeX/TeXLive
)
Package xcolor Info: Package option `usenames' ignored on input line 216.
Package xcolor Info: Driver file: pdftex.def on input line 225.
 (/usr/share/texlive/texmf-dist/tex/latex/pdftex-def/pdftex.def
File: pdftex.def 2011/05/27 v0.06d Graphics/color for pdfTeX
\Gread@gobject=\count310
)
Package xcolor Info: Model `cmy' substituted by `cmy0' on input line 1337.
Package xcolor Info: Model `hsb' substituted by `rgb' on input line 1341.
Package xcolor Info: Model `RGB' extended on input line 1353.
Package xcolor Info: Model `HTML' substituted by `rgb' on input line 1355.
Package xcolor Info: Model `Hsb' substituted by `hsb' on input line 1356.
Package xcolor Info: Model `tHsb' substituted by `hsb' on input line 1357.
Package xcolor Info: Model `HSB' substituted by `hsb' on input line 1358.
Package xcolor Info: Model `Gray' substituted by `gray' on input line 1359.
Package xcolor Info: Model `wave' substituted by `hsb' on input line 1360.
 (/usr/share/texlive/texmf-dist/tex/latex/graphics/dvipsnam.def
File: dvipsnam.def 1999/02/16 v3.0i Driver-dependant file (DPC,SPQR)
)) (/usr/share/texlive/texmf-dist/tex/latex/tex-gyre/tgadventor.sty
Package: tgadventor 2009/09/10 v1.2 TeX Gyre Adventor as default sans serif family

(/usr/share/texlive/texmf-dist/tex/latex/oberdiek/kvoptions.sty
Package: kvoptions 2011/06/30 v3.11 Key value format for package options (HO)
 (/usr/share/texlive/texmf-dist/tex/generic/oberdiek/kvsetkeys.sty
Package: kvsetkeys 2012/04/25 v1.16 Key value parser (HO)
 (/usr/share/texlive/texmf-dist/tex/generic/oberdiek/etexcmds.sty
Package: etexcmds 2011/02/16 v1.5 Avoid name clashes with e-TeX commands (HO)
)))) (/usr/share/texlive/texmf-dist/tex/latex/hyperref/hyperref.sty
Package: hyperref 2012/11/06 v6.83m Hypertext links for LaTeX
 (/usr/share/texlive/texmf-dist/tex/generic/oberdiek/hobsub-hyperref.sty
Package: hobsub-hyperref 2012/05/28 v1.13 Bundle oberdiek, subset hyperref (HO)
 (/usr/share/texlive/texmf-dist/tex/generic/oberdiek/hobsub-generic.sty
Package: hobsub-generic 2012/05/28 v1.13 Bundle oberdiek, subset generic (HO)
Package: hobsub 2012/05/28 v1.13 Construct package bundles (HO)
Package hobsub Info: Skipping package `infwarerr' (already loaded).
Package hobsub Info: Skipping package `ltxcmds' (already loaded).
Package hobsub Info: Skipping package `ifluatex' (already loaded).
Package hobsub Info: Skipping package `ifvtex' (already loaded).
Package: intcalc 2007/09/27 v1.1 Expandable calculations with integers (HO)
Package hobsub Info: Skipping package `ifpdf' (already loaded).
Package hobsub Info: Skipping package `etexcmds' (already loaded).
Package hobsub Info: Skipping package `kvsetkeys' (already loaded).
Package: kvdefinekeys 2011/04/07 v1.3 Define keys (HO)
Package hobsub Info: Skipping package `luatex-loader' (already loaded).
Package hobsub Info: Skipping package `pdftexcmds' (already loaded).
Package: pdfescape 2011/11/25 v1.13 Implements pdfTeX's escape features (HO)
Package: bigintcalc 2012/04/08 v1.3 Expandable calculations on big integers (HO)
Package: bitset 2011/01/30 v1.1 Handle bit-vector datatype (HO)
Package: uniquecounter 2011/01/30 v1.2 Provide unlimited unique counter (HO)
)
Package hobsub Info: Skipping package `hobsub' (already loaded).
Package: letltxmacro 2010/09/02 v1.4 Let assignment for LaTeX macros (HO)
Package: hopatch 2012/05/28 v1.2 Wrapper for package hooks (HO)
Package: xcolor-patch 2011/01/30 xcolor patch
Package: atveryend 2011/06/30 v1.8 Hooks at the very end of document (HO)
Package: atbegshi 2011/10/05 v1.16 At begin shipout hook (HO)
Package: refcount 2011/10/16 v3.4 Data extraction from label references (HO)
Package: hycolor 2011/01/30 v1.7 Color options for hyperref/bookmark (HO)
) (/usr/share/texlive/texmf-dist/tex/latex/oberdiek/auxhook.sty
Package: auxhook 2011/03/04 v1.3 Hooks for auxiliary files (HO)
)
\@linkdim=\dimen287
\Hy@linkcounter=\count311
\Hy@pagecounter=\count312
 (/usr/share/texlive/texmf-dist/tex/latex/hyperref/pd1enc.def
File: pd1enc.def 2012/11/06 v6.83m Hyperref: PDFDocEncoding definition (HO)
)
\Hy@SavedSpaceFactor=\count313
 (/usr/share/texlive/texmf-dist/tex/latex/latexconfig/hyperref.cfg
File: hyperref.cfg 2002/06/06 v1.2 hyperref configuration of TeXLive
)
Package hyperref Info: Hyper figures OFF on input line 4443.
Package hyperref Info: Link nesting OFF on input line 4448.
Package hyperref Info: Hyper index ON on input line 4451.
Package hyperref Info: Plain pages OFF on input line 4458.
Package hyperref Info: Backreferencing OFF on input line 4463.
Package hyperref Info: Implicit mode ON; LaTeX internals redefined.
Package hyperref Info: Bookmarks ON on input line 4688.
\c@Hy@tempcnt=\count314
 (/usr/share/texlive/texmf-dist/tex/latex/url/url.sty
\Urlmuskip=\muskip16
Package: url 2013/09/16  ver 3.4  Verb mode for urls, etc.
)
LaTeX Info: Redefining \url on input line 5041.
\XeTeXLinkMargin=\dimen288
\Fld@menulength=\count315
\Field@Width=\dimen289
\Fld@charsize=\dimen290
Package hyperref Info: Hyper figures OFF on input line 6295.
Package hyperref Info: Link nesting OFF on input line 6300.
Package hyperref Info: Hyper index ON on input line 6303.
Package hyperref Info: backreferencing OFF on input line 6310.
Package hyperref Info: Link coloring OFF on input line 6315.
Package hyperref Info: Link coloring with OCG OFF on input line 6320.
Package hyperref Info: PDF/A mode OFF on input line 6325.
LaTeX Info: Redefining \ref on input line 6365.
LaTeX Info: Redefining \pageref on input line 6369.
\Hy@abspage=\count316
\c@Item=\count317
\c@Hfootnote=\count318
)

Package hyperref Message: Driver (autodetected): hpdftex.

(/usr/share/texlive/texmf-dist/tex/latex/hyperref/hpdftex.def
File: hpdftex.def 2012/11/06 v6.83m Hyperref driver for pdfTeX
\Fld@listcount=\count319
\c@bookmark@seq@number=\count320
 (/usr/share/texlive/texmf-dist/tex/latex/oberdiek/rerunfilecheck.sty
Package: rerunfilecheck 2011/04/15 v1.7 Rerun checks for auxiliary files (HO)
Package uniquecounter Info: New unique counter `rerunfilecheck' on input line 282.
)
\Hy@SectionHShift=\skip262
)
Package hyperref Info: Option `colorlinks' set `true' on input line 49.
Package hyperref Info: Option `breaklinks' set `true' on input line 49.
 (/usr/share/texlive/texmf-dist/tex/latex/fancyhdr/fancyhdr.sty
\fancy@headwidth=\skip263
\f@ncyO@elh=\skip264
\f@ncyO@erh=\skip265
\f@ncyO@olh=\skip266
\f@ncyO@orh=\skip267
\f@ncyO@elf=\skip268
\f@ncyO@erf=\skip269
\f@ncyO@olf=\skip270
\f@ncyO@orf=\skip271
) (/usr/share/texlive/texmf-dist/tex/latex/titlesec/titlesec.sty
Package: titlesec 2011/12/15 v2.10.0 Sectioning titles
\ttl@box=\box271
\beforetitleunit=\skip272
\aftertitleunit=\skip273
\ttl@plus=\dimen291
\ttl@minus=\dimen292
\ttl@toksa=\toks18
\titlewidth=\dimen293
\titlewidthlast=\dimen294
\titlewidthfirst=\dimen295
) (./cv.aux)
LaTeX Font Info:    Checking defaults for OML/cmm/m/it on input line 67.
LaTeX Font Info:    ... okay on input line 67.
LaTeX Font Info:    Checking defaults for T1/cmr/m/n on input line 67.
LaTeX Font Info:    ... okay on input line 67.
LaTeX Font Info:    Checking defaults for OT1/cmr/m/n on input line 67.
LaTeX Font Info:    ... okay on input line 67.
LaTeX Font Info:    Checking defaults for OMS/cmsy/m/n on input line 67.
LaTeX Font Info:    ... okay on input line 67.
LaTeX Font Info:    Checking defaults for OMX/cmex/m/n on input line 67.
LaTeX Font Info:    ... okay on input line 67.
LaTeX Font Info:    Checking defaults for U/cmr/m/n on input line 67.
LaTeX Font Info:    ... okay on input line 67.
LaTeX Font Info:    Checking defaults for PD1/pdf/m/n on input line 67.
LaTeX Font Info:    ... okay on input line 67.
 (/usr/share/texlive/texmf-dist/tex/latex/graphics/graphics.sty
Package: graphics 2009/02/05 v1.0o Standard LaTeX Graphics (DPC,SPQR)
 (/usr/share/texlive/texmf-dist/tex/latex/graphics/trig.sty
Package: trig 1999/03/16 v1.09 sin cos tan (DPC)
) (/usr/share/texlive/texmf-dist/tex/latex/latexconfig/graphics.cfg
File: graphics.cfg 2010/04/23 v1.9 graphics configuration of TeX Live
)
Package graphics Info: Driver file: pdftex.def on input line 91.
) (/usr/share/texlive/texmf-dist/tex/latex/oberdiek/epstopdf-base.sty
Package: epstopdf-base 2010/02/09 v2.5 Base part for package epstopdf
 (/usr/share/texlive/texmf-dist/tex/latex/oberdiek/grfext.sty
Package: grfext 2010/08/19 v1.1 Manage graphics extensions (HO)
)
Package grfext Info: Graphics extension search list:
(grfext)             [.png,.pdf,.jpg,.mps,.jpeg,.jbig2,.jb2,.PNG,.PDF,.JPG,.JPEG,.JBIG2,.JB2,.eps]
(grfext)             \AppendGraphicsExtensions on input line 452.
 (/usr/share/texlive/texmf-dist/tex/latex/latexconfig/epstopdf-sys.cfg
File: epstopdf-sys.cfg 2010/07/13 v1.3 Configuration of (r)epstopdf for TeX Live
))
*geometry* driver: auto-detecting
*geometry* detected driver: pdftex
*geometry* verbose mode - [ preamble ] result:
* driver: pdftex
* paper: <default>
* layout: <same size as paper>
* layoutoffset:(h,v)=(0.0pt,0.0pt)
* modes: 
* h-part:(L,W,R)=(49.79231pt, 514.71037pt, 49.79231pt)
* v-part:(T,H,B)=(56.9055pt, 681.15898pt, 56.9055pt)
* \paperwidth=614.295pt
* \paperheight=794.96999pt
* \textwidth=514.71037pt
* \textheight=681.15898pt
* \oddsidemargin=-22.47768pt
* \evensidemargin=-22.47768pt
* \topmargin=-52.36449pt
* \headheight=12.0pt
* \headsep=25.0pt
* \topskip=11.0pt
* \footskip=30.0pt
* \marginparwidth=59.0pt
* \marginparsep=10.0pt
* \columnsep=10.0pt
* \skip\footins=10.0pt plus 4.0pt minus 2.0pt
* \hoffset=0.0pt
* \voffset=0.0pt
* \mag=1000
* \@twocolumnfalse
* \@twosidefalse
* \@mparswitchfalse
* \@reversemarginfalse
* (1in=72.27pt=25.4mm, 1cm=28.453pt)

(/usr/share/texlive/texmf-dist/tex/context/base/supp-pdf.mkii
[Loading MPS to PDF converter (version 2006.09.02).]
\scratchcounter=\count321
\scratchdimen=\dimen296
\scratchbox=\box272
\nofMPsegments=\count322
\nofMParguments=\count323
\everyMPshowfont=\toks19
\MPscratchCnt=\count324
\MPscratchDim=\dimen297
\MPnumerator=\count325
\makeMPintoPDFobject=\count326
\everyMPtoPDFconversion=\toks20
)
\AtBeginShipoutBox=\box273
Package hyperref Info: Link coloring ON on input line 67.
 (/usr/share/texlive/texmf-dist/tex/latex/hyperref/nameref.sty
Package: nameref 2012/10/27 v2.43 Cross-referencing by name of section
 (/usr/share/texlive/texmf-dist/tex/generic/oberdiek/gettitlestring.sty
Package: gettitlestring 2010/12/03 v1.4 Cleanup title references (HO)
)
\c@section@level=\count327
)
LaTeX Info: Redefining \ref on input line 67.
LaTeX Info: Redefining \pageref on input line 67.
LaTeX Info: Redefining \nameref on input line 67.
 (./cv.out) (./cv.out)
\@outlinefile=\write3
LaTeX Font Info:    External font `cmex10' loaded for size
(Font)              <10.95> on input line 78.
LaTeX Font Info:    External font `cmex10' loaded for size
(Font)              <8> on input line 78.
LaTeX Font Info:    External font `cmex10' loaded for size
(Font)              <6> on input line 78.
LaTeX Font Info:    Try loading font information for OT1+serif on input line 79.
LaTeX Font Info:    No file OT1serif.fd. on input line 79.


LaTeX Font Warning: Font shape `OT1/serif/m/n' undefined
(Font)              using `OT1/cmr/m/n' instead on input line 79.

LaTeX Font Info:    Try loading font information for OMS+cmr on input line 109.
(/usr/share/texlive/texmf-dist/tex/latex/base/omscmr.fd
File: omscmr.fd 1999/05/25 v2.5h Standard LaTeX font definitions
)
LaTeX Font Info:    Font shape `OMS/cmr/m/n' in size <10.95> not available
(Font)              Font shape `OMS/cmsy/m/n' tried instead on input line 109.

Underfull \hbox (badness 2213) in paragraph at lines 143--144
[][]\OT1/cmr/m/n/10.95 De-vel-oped a dis-tributed com-put-ing API us-ing
 []


Underfull \hbox (badness 10000) in paragraph at lines 157--168

 []

Package atveryend Info: Empty hook `BeforeClearDocument' on input line 242.
[1

{/usr/share/texlive/texmf-dist/fonts/map/pdftex/updmap/pdftex.map}]
Package atveryend Info: Empty hook `AfterLastShipout' on input line 242.
 (./cv.aux)
Package atveryend Info: Executing hook `AtVeryEndDocument' on input line 242.
Package atveryend Info: Executing hook `AtEndAfterFileList' on input line 242.
Package rerunfilecheck Info: File `cv.out' has not changed.
(rerunfilecheck)             Checksum: C78C39209DFCAC38A72254F700417884;200.


LaTeX Font Warning: Some font shapes were not available, defaults substituted.

)
(\end occurred inside a group at level 1)

### simple group (level 1) entered at line 77 ({)
### bottom level

Here is how much of LuaTeX's memory you used:
 13553 strings out of 494682
 100000,383344 words of node,token memory allocated
 308 words of node memory still in use:
   3 hlist, 1 vlist, 1 rule, 2 glue, 47 glue_spec, 1 write nodes
   avail lists: 1:1,2:20,3:182,4:1321,5:158,6:2459,7:51,8:9,9:238,10:253
 16803 multiletter control sequences out of 65536+600000
 40 fonts using 1583043 bytes
 49i,11n,43p,811b,426s stack positions out of 5000i,500n,10000p,200000b,100000s
<</usr/share/texlive/texmf-dist/fonts/type1/public/amsfonts/cm/cmcsc10.pfb><</usr/share/texlive/texmf-dist/fonts/type1/public/amsfonts/cm/cmr10.pfb><</usr/share/texlive/texmf-dist/fonts/type1/public/amsfonts/cm/cmr12.pfb><</usr/share/texlive/texmf-dist/fonts/type1/public/amsfonts/cm/cmr17.pfb><</usr/share/texlive/texmf-dist/fonts/type1/public/amsfonts/cm/cmsy10.pfb><</usr/share/texlive/texmf-dist/fonts/type1/public/amsfonts/cm/cmti10.pfb><</usr/share/texlive/texmf-dist/fonts/type1/public/amsfonts/cm/cmti12.pfb>
Output written on cv.pdf (1 page, 91843 bytes).

PDF statistics: 61 PDF objects out of 1000 (max. 8388607)
 50 compressed objects within 1 object stream
 6 named destinations out of 1000 (max. 131072)
 33 words of extra memory for PDF output out of 10000 (max. 10000000)

