mktextfm Zapfino
mktextfm Zapfino
mktextfm Zapfino
mktextfm Zapfino
mktextfm Zapfino/B
mktextfm Zapfino
mktextfm Zapfino/I
mktextfm Zapfino
mktextfm Zapfino/BI
mktextfm Zapfino
mktextfm Zapfino
mktextfm Zapfino
mktextfm Zapfino
mktextfm Zapfino
mktextfm Zapfino
mktextfm Zapfino
mktextfm Zapfino/B
mktextfm Zapfino
mktextfm Zapfino/I
mktextfm Zapfino
mktextfm Zapfino/BI
mktextfm Zapfino
mktextfm Zapfino
mktextfm Zapfino
mktextfm Zapfino
mktextfm Zapfino
mktextfm Zapfino
mktextfm Zapfino
mktextfm Zapfino/B
mktextfm Zapfino
mktextfm Zapfino/I
mktextfm Zapfino
mktextfm Zapfino/BI
mktextfm Zapfino
mktextfm Zapfino
mktextfm Zapfino
mktextfm Zapfino
mktextfm Zapfino
mktextfm Zapfino
mktextfm Zapfino
mktextfm Zapfino/B
mktextfm Zapfino
mktextfm Zapfino/I
mktextfm Zapfino
mktextfm Zapfino/BI
mktextfm Zapfino
mktextfm Zapfino
mktextfm Zapfino
mktextfm Zapfino
mktextfm Zapfino
mktextfm Zapfino
mktextfm Zapfino
mktextfm Zapfino/B
mktextfm Zapfino
mktextfm Zapfino/I
mktextfm Zapfino
mktextfm Zapfino/BI
mktextfm Zapfino
mktextfm Zapfino
mktextfm Zapfino
mktextfm Zapfino
mktextfm Zapfino
mktextfm Zapfino
mktextfm Zapfino
mktextfm Zapfino/B
mktextfm Zapfino
mktextfm Zapfino/I
mktextfm Zapfino
mktextfm Zapfino/BI
mktextfm Zapfino
mktextfm Zapfino
mktextfm Zapfino
mktextfm C
mktextfm C
mktextfm C
mktextfm C
mktextfm C/B
mktextfm C
mktextfm C/I
mktextfm C
mktextfm C/BI
mktextfm C
mktextfm 
mktextfm 
mktextfm 
mktextfm 
mktextfm 
mktextfm 
mktextfm 
mktextfm 
mktextfm 
mktextfm C
mktextfm C
mktextfm C
mktextfm C
mktextfm C/B
mktextfm C
mktextfm C/I
mktextfm C
mktextfm C/BI
mktextfm C
mktextfm 
mktextfm 
mktextfm 
mktextfm 
mktextfm 
mktextfm 
mktextfm 
mktextfm 
mktextfm 
mktextfm C
mktextfm C
mktextfm C
mktextfm C
mktextfm C/B
mktextfm C
mktextfm C/I
mktextfm C
mktextfm C/BI
mktextfm C
mktextfm 
mktextfm 
mktextfm 
mktextfm 
mktextfm 
mktextfm 
mktextfm 
mktextfm 
mktextfm 
mktextfm C
mktextfm C
mktextfm C
mktextfm C
mktextfm C/B
mktextfm C
mktextfm C/I
mktextfm C
mktextfm C/BI
mktextfm C
mktextfm 
mktextfm 
mktextfm 
mktextfm 
mktextfm 
mktextfm 
mktextfm 
mktextfm 
mktextfm 
mktextfm FontAwesome
mktextfm FontAwesome
mktextfm FontAwesome
mktextfm FontAwesome
mktextfm FontAwesome/B
mktextfm FontAwesome
mktextfm FontAwesome/I
mktextfm FontAwesome
mktextfm FontAwesome/BI
mktextfm FontAwesome
mktextfm FontAwesome
mktextfm FontAwesome
mktextfm FontAwesome
mktextfm FontAwesome/B
mktextfm FontAwesome
mktextfm FontAwesome/I
mktextfm FontAwesome
mktextfm FontAwesome/BI
mktextfm FontAwesome
mktextfm FontAwesome
mktextfm FontAwesome
mktextfm FontAwesome
mktextfm FontAwesome/B
mktextfm FontAwesome
mktextfm FontAwesome/I
mktextfm FontAwesome
mktextfm FontAwesome/BI
mktextfm FontAwesome
mktextfm FontAwesome
mktextfm FontAwesome
mktextfm FontAwesome
mktextfm FontAwesome/B
mktextfm FontAwesome
mktextfm FontAwesome/I
mktextfm FontAwesome
mktextfm FontAwesome/BI
mktextfm FontAwesome
